dimodo_mobile/build/app/intermediates/manifest_merge_blame_file/release/manifest-merger-blame-release-report.txt
1<?xml version="1.0" encoding="utf-8"?>
2<manifest xmlns:android="http://schemas.android.com/apk/res/android"
3    package="app.dimodo.android"
4    android:versionCode="3"
5    android:versionName="1.0.9" >
6
7    <uses-sdk
8        android:minSdkVersion="16"
8-->src/main/AndroidManifest.xml
9        android:targetSdkVersion="28" />
9-->src/main/AndroidManifest.xml
10
11    <uses-permission android:name="android.permission.INTERNET" />
11-->src/main/AndroidManifest.xml:2:5-67
11-->src/main/AndroidManifest.xml:2:22-64
12    <uses-permission android:name="android.permission.ACCESS_FINE_LOCATION" />
12-->src/main/AndroidManifest.xml:3:5-79
12-->src/main/AndroidManifest.xml:3:22-76
13    <uses-permission android:name="android.permission.ACCESS_COARSE_LOCATION" />
13-->src/main/AndroidManifest.xml:4:5-81
13-->src/main/AndroidManifest.xml:4:22-78
14    <!-- Although the *SdkVersion is captured in gradle build files, this is required for non gradle builds -->
15    <!-- <uses-sdk android:minSdkVersion="14"/> -->
16    <uses-permission android:name="android.permission.ACCESS_NETWORK_STATE" />
16-->[com.google.firebase:firebase-storage:18.1.0] AndroidManifest.xml:26:5-79
16-->[com.google.firebase:firebase-storage:18.1.0] AndroidManifest.xml:26:22-76
17    <uses-permission android:name="android.permission.READ_EXTERNAL_STORAGE" />
17-->[:image_picker] AndroidManifest.xml:7:5-80
17-->[:image_picker] AndroidManifest.xml:7:22-77
18    <uses-permission android:name="android.permission.WRITE_EXTERNAL_STORAGE" />
18-->[:image_picker] AndroidManifest.xml:8:5-81
18-->[:image_picker] AndroidManifest.xml:8:22-78
19    <uses-permission android:name="android.permission.WAKE_LOCK" />
19-->[:firebase_analytics] AndroidManifest.xml:9:5-68
19-->[:firebase_analytics] AndroidManifest.xml:9:22-65
20    <uses-permission android:name="android.permission.ACCESS_WIFI_STATE" />
20-->[:connectivity] AndroidManifest.xml:8:5-76
20-->[:connectivity] AndroidManifest.xml:8:22-73
21    <uses-permission android:name="com.google.android.providers.gsf.permission.READ_GSERVICES" />
21-->[com.google.firebase:firebase-perf:17.0.0] AndroidManifest.xml:23:5-98
21-->[com.google.firebase:firebase-perf:17.0.0] AndroidManifest.xml:23:22-95
22
23    <uses-feature
23-->[com.google.android.gms:play-services-maps:17.0.0] AndroidManifest.xml:26:5-28:35
24        android:glEsVersion="0x00020000"
24-->[com.google.android.gms:play-services-maps:17.0.0] AndroidManifest.xml:27:9-41
25        android:required="true" /> <!-- Required by older versions of Google Play services to create IID tokens -->
25-->[com.google.android.gms:play-services-maps:17.0.0] AndroidManifest.xml:28:9-32
26    <uses-permission android:name="com.google.android.c2dm.permission.RECEIVE" />
26-->[com.google.firebase:firebase-iid:20.0.1] AndroidManifest.xml:26:5-82
26-->[com.google.firebase:firebase-iid:20.0.1] AndroidManifest.xml:26:22-79
27    <uses-permission android:name="com.google.android.finsky.permission.BIND_GET_INSTALL_REFERRER_SERVICE" />
27-->[com.google.android.gms:play-services-measurement:16.5.0] AndroidManifest.xml:26:5-110
27-->[com.google.android.gms:play-services-measurement:16.5.0] AndroidManifest.xml:26:22-107
28    <!--
29 io.flutter.app.FlutterApplication is an android.app.Application that
30         calls FlutterMain.startInitialization(this); in its onCreate method.
31         In most cases you can leave this as-is, but you if you want to provide
32         additional functionality it is fine to subclass or reimplement
33         FlutterApplication and put your custom class here.
34    -->
35    <application
35-->src/main/AndroidManifest.xml:10:5-47:19
36        android:name="io.flutter.app.FlutterApplication"
36-->src/main/AndroidManifest.xml:10:18-66
37        android:appComponentFactory="androidx.core.app.CoreComponentFactory"
37-->[androidx.core:core:1.1.0] AndroidManifest.xml:24:18-86
38        android:icon="@mipmap/launcher_icon"
38-->src/main/AndroidManifest.xml:10:90-126
39        android:label="Dimodo"
39-->src/main/AndroidManifest.xml:10:67-89
40        android:supportsRtl="true"
40-->[com.facebook.android:facebook-android-sdk:5.15.3] AndroidManifest.xml:28:18-44
41        android:usesCleartextTraffic="true" >
41-->src/main/AndroidManifest.xml:10:127-162
42        <activity
42-->src/main/AndroidManifest.xml:11:9-41:20
43            android:name="app.dimodo.android.MainActivity"
43-->src/main/AndroidManifest.xml:11:19-47
44            android:configChanges="orientation|keyboardHidden|keyboard|screenSize|smallestScreenSize|locale|layoutDirection|fontScale|screenLayout|density|uiMode"
44-->src/main/AndroidManifest.xml:11:114-264
45            android:hardwareAccelerated="true"
45-->src/main/AndroidManifest.xml:11:265-299
46            android:launchMode="singleTop"
46-->src/main/AndroidManifest.xml:11:48-78
47            android:theme="@style/LaunchTheme"
47-->src/main/AndroidManifest.xml:11:79-113
48            android:windowSoftInputMode="adjustResize" >
48-->src/main/AndroidManifest.xml:11:300-342
49
50            <!--
51                 This keeps the window background of the activity showing
52                 until Flutter renders its first frame. It can be removed if
53                 there is no splash screen (such as the default splash screen
54                 defined in @style/LaunchTheme).
55            -->
56            <meta-data
56-->src/main/AndroidManifest.xml:16:13-113
57                android:name="io.flutter.app.android.SplashScreenUntilFirstFrame"
57-->src/main/AndroidManifest.xml:16:24-89
58                android:value="true" />
58-->src/main/AndroidManifest.xml:16:90-110
59            <meta-data
59-->src/main/AndroidManifest.xml:17:13-113
60                android:name="com.google.android.geo.API_KEY"
60-->src/main/AndroidManifest.xml:17:24-69
61                android:value="your-google-api-key-here" />
61-->src/main/AndroidManifest.xml:17:70-110
62
63            <intent-filter>
63-->src/main/AndroidManifest.xml:18:13-21:29
64                <action android:name="android.intent.action.MAIN" />
64-->src/main/AndroidManifest.xml:19:17-69
64-->src/main/AndroidManifest.xml:19:25-66
65
66                <category android:name="android.intent.category.LAUNCHER" />
66-->src/main/AndroidManifest.xml:20:17-77
66-->src/main/AndroidManifest.xml:20:27-74
67            </intent-filter>
68            <intent-filter>
68-->src/main/AndroidManifest.xml:22:13-25:29
69                <action android:name="FLUTTER_NOTIFICATION_CLICK" />
69-->src/main/AndroidManifest.xml:23:17-69
69-->src/main/AndroidManifest.xml:23:25-66
70
71                <category android:name="android.intent.category.DEFAULT" />
71-->src/main/AndroidManifest.xml:24:17-76
71-->src/main/AndroidManifest.xml:24:27-73
72            </intent-filter>
73            <intent-filter android:autoVerify="true" >
73-->src/main/AndroidManifest.xml:26:13-32:29
73-->src/main/AndroidManifest.xml:26:28-53
74                <action android:name="android.intent.action.VIEW" />
74-->src/main/AndroidManifest.xml:27:17-69
74-->src/main/AndroidManifest.xml:27:25-66
75
76                <category android:name="android.intent.category.DEFAULT" />
76-->src/main/AndroidManifest.xml:24:17-76
76-->src/main/AndroidManifest.xml:24:27-73
77                <category android:name="android.intent.category.BROWSABLE" />
77-->src/main/AndroidManifest.xml:29:17-78
77-->src/main/AndroidManifest.xml:29:27-75
78
79                <data
79-->src/main/AndroidManifest.xml:30:17-80
80                    android:host="www.inspireui.com"
80-->src/main/AndroidManifest.xml:30:45-77
81                    android:scheme="http" />
81-->src/main/AndroidManifest.xml:30:23-44
82            </intent-filter>
83            <intent-filter android:autoVerify="true" >
83-->src/main/AndroidManifest.xml:33:13-38:29
83-->src/main/AndroidManifest.xml:33:28-53
84                <action android:name="android.intent.action.VIEW" />
84-->src/main/AndroidManifest.xml:27:17-69
84-->src/main/AndroidManifest.xml:27:25-66
85
86                <category android:name="android.intent.category.DEFAULT" />
86-->src/main/AndroidManifest.xml:24:17-76
86-->src/main/AndroidManifest.xml:24:27-73
87                <category android:name="android.intent.category.BROWSABLE" />
87-->src/main/AndroidManifest.xml:29:17-78
87-->src/main/AndroidManifest.xml:29:27-75
88
89                <data
89-->src/main/AndroidManifest.xml:30:17-80
90                    android:host="inspireui.com"
90-->src/main/AndroidManifest.xml:30:45-77
91                    android:pathPrefix=""
91-->src/main/AndroidManifest.xml:37:76-97
92                    android:scheme="Dimodo" />
92-->src/main/AndroidManifest.xml:30:23-44
93            </intent-filter>
94
95            <!-- Facebook Login configuration -->
96        </activity>
97
98        <meta-data
98-->src/main/AndroidManifest.xml:42:9-102
99            android:name="com.facebook.sdk.ApplicationId"
99-->src/main/AndroidManifest.xml:42:20-65
100            android:value="@string/fb_app_id" />
100-->src/main/AndroidManifest.xml:42:66-99
101        <meta-data
101-->src/main/AndroidManifest.xml:43:9-110
102            android:name="com.facebook.accountkit.ApplicationName"
102-->src/main/AndroidManifest.xml:43:20-74
103            android:value="@string/app_name" />
103-->src/main/AndroidManifest.xml:43:75-107
104        <meta-data
104-->src/main/AndroidManifest.xml:44:9-113
105            android:name="com.facebook.accountkit.ClientToken"
105-->src/main/AndroidManifest.xml:44:20-70
106            android:value="@string/ak_client_token" />
106-->src/main/AndroidManifest.xml:44:71-110
107        <meta-data
107-->src/main/AndroidManifest.xml:17:13-113
108            android:name="com.google.android.geo.API_KEY"
108-->src/main/AndroidManifest.xml:17:24-69
109            android:value="@string/api_key" />
109-->src/main/AndroidManifest.xml:17:70-110
110        <meta-data
110-->src/main/AndroidManifest.xml:46:9-113
111            android:name="com.google.android.gms.ads.APPLICATION_ID"
111-->src/main/AndroidManifest.xml:46:20-76
112            android:value="@string/admob_api" />
112-->src/main/AndroidManifest.xml:46:77-110
113
114        <activity
114-->[com.google.android.gms:play-services-auth:16.0.1] AndroidManifest.xml:23:9-27:75
115            android:name="com.google.android.gms.auth.api.signin.internal.SignInHubActivity"
115-->[com.google.android.gms:play-services-auth:16.0.1] AndroidManifest.xml:24:13-93
116            android:excludeFromRecents="true"
116-->[com.google.android.gms:play-services-auth:16.0.1] AndroidManifest.xml:25:13-46
117            android:exported="false"
117-->[com.google.android.gms:play-services-auth:16.0.1] AndroidManifest.xml:26:13-37
118            android:theme="@android:style/Theme.Translucent.NoTitleBar" />
118-->[com.google.android.gms:play-services-auth:16.0.1] AndroidManifest.xml:27:13-72
119        <!--
120            Service handling Google Sign-In user revocation. For apps that do not integrate with
121            Google Sign-In, this service will never be started.
122        -->
123        <service
123-->[com.google.android.gms:play-services-auth:16.0.1] AndroidManifest.xml:33:9-36:110
124            android:name="com.google.android.gms.auth.api.signin.RevocationBoundService"
124-->[com.google.android.gms:play-services-auth:16.0.1] AndroidManifest.xml:34:13-89
125            android:exported="true"
125-->[com.google.android.gms:play-services-auth:16.0.1] AndroidManifest.xml:35:13-36
126            android:permission="com.google.android.gms.auth.api.signin.permission.REVOCATION_NOTIFICATION" />
126-->[com.google.android.gms:play-services-auth:16.0.1] AndroidManifest.xml:36:13-107
127        <service
127-->[:firebase_auth] AndroidManifest.xml:8:9-12:19
128            android:name="com.google.firebase.components.ComponentDiscoveryService"
128-->[:firebase_auth] AndroidManifest.xml:8:18-89
129            android:directBootAware="true"
129-->[com.google.firebase:firebase-common:19.3.0] AndroidManifest.xml:34:13-43
130            android:exported="false" >
130-->[com.google.firebase:firebase-auth:18.1.0] AndroidManifest.xml:35:13-37
131            <meta-data
131-->[:firebase_auth] AndroidManifest.xml:9:13-11:85
132                android:name="com.google.firebase.components:io.flutter.plugins.firebaseauth.FlutterFirebaseAppRegistrar"
132-->[:firebase_auth] AndroidManifest.xml:10:17-122
133                android:value="com.google.firebase.components.ComponentRegistrar" />
133-->[:firebase_auth] AndroidManifest.xml:11:17-82
134            <meta-data
134-->[com.google.firebase:firebase-auth:18.1.0] AndroidManifest.xml:36:13-38:85
135                android:name="com.google.firebase.components:com.google.firebase.auth.FirebaseAuthRegistrar"
135-->[com.google.firebase:firebase-auth:18.1.0] AndroidManifest.xml:37:17-109
136                android:value="com.google.firebase.components.ComponentRegistrar" />
136-->[com.google.firebase:firebase-auth:18.1.0] AndroidManifest.xml:38:17-82
137            <meta-data
137-->[com.google.firebase:firebase-storage:18.1.0] AndroidManifest.xml:33:13-35:85
138                android:name="com.google.firebase.components:com.google.firebase.storage.StorageRegistrar"
138-->[com.google.firebase:firebase-storage:18.1.0] AndroidManifest.xml:34:17-107
139                android:value="com.google.firebase.components.ComponentRegistrar" />
139-->[com.google.firebase:firebase-storage:18.1.0] AndroidManifest.xml:35:17-82
140            <meta-data
140-->[:cloud_firestore] AndroidManifest.xml:9:13-11:85
141                android:name="com.google.firebase.components:io.flutter.plugins.firebase.cloudfirestore.FlutterFirebaseAppRegistrar"
141-->[:cloud_firestore] AndroidManifest.xml:10:17-133
142                android:value="com.google.firebase.components.ComponentRegistrar" />
142-->[:cloud_firestore] AndroidManifest.xml:11:17-82
143            <meta-data
143-->[:firebase_core] AndroidManifest.xml:9:13-11:85
144                android:name="com.google.firebase.components:io.flutter.plugins.firebase.core.FlutterFirebaseAppRegistrar"
144-->[:firebase_core] AndroidManifest.xml:10:17-123
145                android:value="com.google.firebase.components.ComponentRegistrar" />
145-->[:firebase_core] AndroidManifest.xml:11:17-82
146            <meta-data
146-->[:firebase_crashlytics] AndroidManifest.xml:9:13-11:85
147                android:name="com.google.firebase.components:io.flutter.plugins.firebase.crashlytics.firebasecrashlytics.FlutterFirebaseAppRegistrar"
147-->[:firebase_crashlytics] AndroidManifest.xml:10:17-150
148                android:value="com.google.firebase.components.ComponentRegistrar" />
148-->[:firebase_crashlytics] AndroidManifest.xml:11:17-82
149            <meta-data
149-->[:firebase_performance] AndroidManifest.xml:11:13-13:85
150                android:name="com.google.firebase.components:io.flutter.plugins.firebaseperformance.FlutterFirebaseAppRegistrar"
150-->[:firebase_performance] AndroidManifest.xml:12:17-129
151                android:value="com.google.firebase.components.ComponentRegistrar" />
151-->[:firebase_performance] AndroidManifest.xml:13:17-82
152            <meta-data
152-->[:firebase_messaging] AndroidManifest.xml:14:13-16:85
153                android:name="com.google.firebase.components:io.flutter.plugins.firebasemessaging.FlutterFirebaseAppRegistrar"
153-->[:firebase_messaging] AndroidManifest.xml:15:17-127
154                android:value="com.google.firebase.components.ComponentRegistrar" />
154-->[:firebase_messaging] AndroidManifest.xml:16:17-82
155            <meta-data
155-->[:firebase_analytics] AndroidManifest.xml:13:13-15:85
156                android:name="com.google.firebase.components:io.flutter.plugins.firebaseanalytics.FlutterFirebaseAppRegistrar"
156-->[:firebase_analytics] AndroidManifest.xml:14:17-127
157                android:value="com.google.firebase.components.ComponentRegistrar" />
157-->[:firebase_analytics] AndroidManifest.xml:15:17-82
158            <meta-data
158-->[com.google.firebase:firebase-firestore:21.3.0] AndroidManifest.xml:20:13-22:85
159                android:name="com.google.firebase.components:com.google.firebase.firestore.FirestoreRegistrar"
159-->[com.google.firebase:firebase-firestore:21.3.0] AndroidManifest.xml:21:17-111
160                android:value="com.google.firebase.components.ComponentRegistrar" />
160-->[com.google.firebase:firebase-firestore:21.3.0] AndroidManifest.xml:22:17-82
161            <meta-data
161-->[com.google.firebase:firebase-perf:17.0.0] AndroidManifest.xml:35:13-37:85
162                android:name="com.google.firebase.components:com.google.firebase.perf.FirebasePerfRegistrar"
162-->[com.google.firebase:firebase-perf:17.0.0] AndroidManifest.xml:36:17-109
163                android:value="com.google.firebase.components.ComponentRegistrar" />
163-->[com.google.firebase:firebase-perf:17.0.0] AndroidManifest.xml:37:17-82
164            <meta-data
164-->[com.google.android.gms:play-services-measurement-api:16.5.0] AndroidManifest.xml:30:13-32:85
165                android:name="com.google.firebase.components:com.google.firebase.analytics.connector.internal.AnalyticsConnectorRegistrar"
165-->[com.google.android.gms:play-services-measurement-api:16.5.0] AndroidManifest.xml:31:17-139
166                android:value="com.google.firebase.components.ComponentRegistrar" />
166-->[com.google.android.gms:play-services-measurement-api:16.5.0] AndroidManifest.xml:32:17-82
167            <meta-data
167-->[com.google.firebase:firebase-config:17.0.0] AndroidManifest.xml:9:13-11:85
168                android:name="com.google.firebase.components:com.google.firebase.remoteconfig.RemoteConfigRegistrar"
168-->[com.google.firebase:firebase-config:17.0.0] AndroidManifest.xml:10:17-117
169                android:value="com.google.firebase.components.ComponentRegistrar" />
169-->[com.google.firebase:firebase-config:17.0.0] AndroidManifest.xml:11:17-82
170            <meta-data
170-->[com.google.firebase:firebase-iid:20.0.1] AndroidManifest.xml:32:13-34:85
171                android:name="com.google.firebase.components:com.google.firebase.iid.Registrar"
171-->[com.google.firebase:firebase-iid:20.0.1] AndroidManifest.xml:33:17-96
172                android:value="com.google.firebase.components.ComponentRegistrar" />
172-->[com.google.firebase:firebase-iid:20.0.1] AndroidManifest.xml:34:17-82
173            <meta-data
173-->[com.google.firebase:firebase-abt:17.1.1] AndroidManifest.xml:9:13-11:85
174                android:name="com.google.firebase.components:com.google.firebase.abt.component.AbtRegistrar"
174-->[com.google.firebase:firebase-abt:17.1.1] AndroidManifest.xml:10:17-109
175                android:value="com.google.firebase.components.ComponentRegistrar" />
175-->[com.google.firebase:firebase-abt:17.1.1] AndroidManifest.xml:11:17-82
176        </service>
177
178        <activity
178-->[com.google.firebase:firebase-auth:18.1.0] AndroidManifest.xml:24:9-31:50
179            android:name="com.google.firebase.auth.internal.FederatedSignInActivity"
179-->[com.google.firebase:firebase-auth:18.1.0] AndroidManifest.xml:25:13-85
180            android:excludeFromRecents="true"
180-->[com.google.firebase:firebase-auth:18.1.0] AndroidManifest.xml:26:13-46
181            android:exported="true"
181-->[com.google.firebase:firebase-auth:18.1.0] AndroidManifest.xml:27:13-36
182            android:launchMode="singleTask"
182-->[com.google.firebase:firebase-auth:18.1.0] AndroidManifest.xml:28:13-44
183            android:permission="com.google.firebase.auth.api.gms.permission.LAUNCH_FEDERATED_SIGN_IN"
183-->[com.google.firebase:firebase-auth:18.1.0] AndroidManifest.xml:29:13-102
184            android:theme="@android:style/Theme.Translucent.NoTitleBar" />
184-->[com.google.firebase:firebase-auth:18.1.0] AndroidManifest.xml:30:13-72
185        <activity
185-->[:url_launcher] AndroidManifest.xml:8:9-11:74
186            android:name="io.flutter.plugins.urllauncher.WebViewActivity"
186-->[:url_launcher] AndroidManifest.xml:9:13-74
187            android:exported="false"
187-->[:url_launcher] AndroidManifest.xml:10:13-37
188            android:theme="@android:style/Theme.NoTitleBar.Fullscreen" />
188-->[:url_launcher] AndroidManifest.xml:11:13-71
189
190        <provider
190-->[:flutter_mailer] AndroidManifest.xml:8:9-16:20
191            android:name="com.dataxad.fluttermailer.FlutterMailerFileProvider"
191-->[:flutter_mailer] AndroidManifest.xml:9:13-79
192            android:authorities="app.dimodo.android.adv_provider"
192-->[:flutter_mailer] AndroidManifest.xml:10:13-64
193            android:exported="false"
193-->[:flutter_mailer] AndroidManifest.xml:11:13-37
194            android:grantUriPermissions="true" >
194-->[:flutter_mailer] AndroidManifest.xml:12:13-47
195            <meta-data
195-->[:flutter_mailer] AndroidManifest.xml:13:13-15:64
196                android:name="android.support.FILE_PROVIDER_PATHS"
196-->[:flutter_mailer] AndroidManifest.xml:14:17-67
197                android:resource="@xml/flutter_mailer_paths" />
197-->[:flutter_mailer] AndroidManifest.xml:15:17-61
198        </provider>
199        <provider
199-->[:flutter_webview_plugin] AndroidManifest.xml:9:9-18:20
200            android:name="androidx.core.content.FileProvider"
200-->[:flutter_webview_plugin] AndroidManifest.xml:10:13-62
201            android:authorities="app.dimodo.android.fileprovider"
201-->[:flutter_webview_plugin] AndroidManifest.xml:11:13-64
202            android:exported="false"
202-->[:flutter_webview_plugin] AndroidManifest.xml:12:13-37
203            android:grantUriPermissions="true" >
203-->[:flutter_webview_plugin] AndroidManifest.xml:13:13-47
204            <meta-data
204-->[:flutter_mailer] AndroidManifest.xml:13:13-15:64
205                android:name="android.support.FILE_PROVIDER_PATHS"
205-->[:flutter_mailer] AndroidManifest.xml:14:17-67
206                android:resource="@xml/filepaths" />
206-->[:flutter_mailer] AndroidManifest.xml:15:17-61
207        </provider>
208        <provider
208-->[:image_picker] AndroidManifest.xml:11:9-19:20
209            android:name="io.flutter.plugins.imagepicker.ImagePickerFileProvider"
209-->[:image_picker] AndroidManifest.xml:12:13-82
210            android:authorities="app.dimodo.android.flutter.image_provider"
210-->[:image_picker] AndroidManifest.xml:13:13-74
211            android:exported="false"
211-->[:image_picker] AndroidManifest.xml:14:13-37
212            android:grantUriPermissions="true" >
212-->[:image_picker] AndroidManifest.xml:15:13-47
213            <meta-data
213-->[:flutter_mailer] AndroidManifest.xml:13:13-15:64
214                android:name="android.support.FILE_PROVIDER_PATHS"
214-->[:flutter_mailer] AndroidManifest.xml:14:17-67
215                android:resource="@xml/flutter_image_picker_file_paths" />
215-->[:flutter_mailer] AndroidManifest.xml:15:17-61
216        </provider>
217
218        <service android:name="io.flutter.plugins.firebasemessaging.FlutterFirebaseMessagingService" >
218-->[:firebase_messaging] AndroidManifest.xml:8:9-12:19
218-->[:firebase_messaging] AndroidManifest.xml:8:18-101
219            <intent-filter>
219-->[:firebase_messaging] AndroidManifest.xml:9:13-11:29
220                <action android:name="com.google.firebase.MESSAGING_EVENT" />
220-->[:firebase_messaging] AndroidManifest.xml:10:17-78
220-->[:firebase_messaging] AndroidManifest.xml:10:25-75
221            </intent-filter>
222        </service>
223
224        <provider
224-->[com.google.firebase:firebase-perf:17.0.0] AndroidManifest.xml:28:9-32:39
225            android:name="com.google.firebase.perf.provider.FirebasePerfProvider"
225-->[com.google.firebase:firebase-perf:17.0.0] AndroidManifest.xml:29:13-82
226            android:authorities="app.dimodo.android.firebaseperfprovider"
226-->[com.google.firebase:firebase-perf:17.0.0] AndroidManifest.xml:30:13-72
227            android:exported="false"
227-->[com.google.firebase:firebase-perf:17.0.0] AndroidManifest.xml:31:13-37
228            android:initOrder="101" /> <!-- Needs to be explicitly declared on P+ -->
228-->[com.google.firebase:firebase-perf:17.0.0] AndroidManifest.xml:32:13-36
229        <uses-library
229-->[com.google.android.gms:play-services-maps:17.0.0] AndroidManifest.xml:33:9-35:40
230            android:name="org.apache.http.legacy"
230-->[com.google.android.gms:play-services-maps:17.0.0] AndroidManifest.xml:34:13-50
231            android:required="false" />
231-->[com.google.android.gms:play-services-maps:17.0.0] AndroidManifest.xml:35:13-37
232        <!--
233             FirebaseMessagingService performs security checks at runtime,
234             but set to not exported to explicitly avoid allowing another app to call it.
235        -->
236        <service
236-->[com.google.firebase:firebase-messaging:20.0.1] AndroidManifest.xml:28:9-34:19
237            android:name="com.google.firebase.messaging.FirebaseMessagingService"
237-->[com.google.firebase:firebase-messaging:20.0.1] AndroidManifest.xml:29:13-82
238            android:exported="false" >
238-->[com.google.firebase:firebase-messaging:20.0.1] AndroidManifest.xml:30:13-37
239            <intent-filter android:priority="-500" >
239-->[:firebase_messaging] AndroidManifest.xml:9:13-11:29
240                <action android:name="com.google.firebase.MESSAGING_EVENT" />
240-->[:firebase_messaging] AndroidManifest.xml:10:17-78
240-->[:firebase_messaging] AndroidManifest.xml:10:25-75
241            </intent-filter>
242        </service>
243
244        <receiver
244-->[com.google.firebase:firebase-iid:20.0.1] AndroidManifest.xml:37:9-44:20
245            android:name="com.google.firebase.iid.FirebaseInstanceIdReceiver"
245-->[com.google.firebase:firebase-iid:20.0.1] AndroidManifest.xml:38:13-78
246            android:exported="true"
246-->[com.google.firebase:firebase-iid:20.0.1] AndroidManifest.xml:39:13-36
247            android:permission="com.google.android.c2dm.permission.SEND" >
247-->[com.google.firebase:firebase-iid:20.0.1] AndroidManifest.xml:40:13-73
248            <intent-filter>
248-->[com.google.firebase:firebase-iid:20.0.1] AndroidManifest.xml:41:13-43:29
249                <action android:name="com.google.android.c2dm.intent.RECEIVE" />
249-->[com.google.firebase:firebase-iid:20.0.1] AndroidManifest.xml:42:17-81
249-->[com.google.firebase:firebase-iid:20.0.1] AndroidManifest.xml:42:25-78
250            </intent-filter>
251        </receiver>
252
253        <activity
253-->[com.google.android.gms:play-services-base:17.0.0] AndroidManifest.xml:23:9-26:75
254            android:name="com.google.android.gms.common.api.GoogleApiActivity"
254-->[com.google.android.gms:play-services-base:17.0.0] AndroidManifest.xml:24:13-79
255            android:exported="false"
255-->[com.google.android.gms:play-services-base:17.0.0] AndroidManifest.xml:25:13-37
256            android:theme="@android:style/Theme.Translucent.NoTitleBar" />
256-->[com.google.android.gms:play-services-base:17.0.0] AndroidManifest.xml:26:13-72
257
258        <provider
258-->[com.google.firebase:firebase-common:19.3.0] AndroidManifest.xml:26:9-30:39
259            android:name="com.google.firebase.provider.FirebaseInitProvider"
259-->[com.google.firebase:firebase-common:19.3.0] AndroidManifest.xml:27:13-77
260            android:authorities="app.dimodo.android.firebaseinitprovider"
260-->[com.google.firebase:firebase-common:19.3.0] AndroidManifest.xml:28:13-72
261            android:exported="false"
261-->[com.google.firebase:firebase-common:19.3.0] AndroidManifest.xml:29:13-37
262            android:initOrder="100" />
262-->[com.google.firebase:firebase-common:19.3.0] AndroidManifest.xml:30:13-36
263
264        <receiver
264-->[com.google.android.gms:play-services-measurement:16.5.0] AndroidManifest.xml:29:9-33:20
265            android:name="com.google.android.gms.measurement.AppMeasurementReceiver"
265-->[com.google.android.gms:play-services-measurement:16.5.0] AndroidManifest.xml:30:13-85
266            android:enabled="true"
266-->[com.google.android.gms:play-services-measurement:16.5.0] AndroidManifest.xml:31:13-35
267            android:exported="false" >
267-->[com.google.android.gms:play-services-measurement:16.5.0] AndroidManifest.xml:32:13-37
268        </receiver>
269        <receiver
269-->[com.google.android.gms:play-services-measurement:16.5.0] AndroidManifest.xml:34:9-42:20
270            android:name="com.google.android.gms.measurement.AppMeasurementInstallReferrerReceiver"
270-->[com.google.android.gms:play-services-measurement:16.5.0] AndroidManifest.xml:35:13-100
271            android:enabled="true"
271-->[com.google.android.gms:play-services-measurement:16.5.0] AndroidManifest.xml:36:13-35
272            android:exported="true"
272-->[com.google.android.gms:play-services-measurement:16.5.0] AndroidManifest.xml:37:13-36
273            android:permission="android.permission.INSTALL_PACKAGES" >
273-->[com.google.android.gms:play-services-measurement:16.5.0] AndroidManifest.xml:38:13-69
274            <intent-filter>
274-->[com.google.android.gms:play-services-measurement:16.5.0] AndroidManifest.xml:39:13-41:29
275                <action android:name="com.android.vending.INSTALL_REFERRER" />
275-->[com.google.android.gms:play-services-measurement:16.5.0] AndroidManifest.xml:40:17-79
275-->[com.google.android.gms:play-services-measurement:16.5.0] AndroidManifest.xml:40:25-76
276            </intent-filter>
277        </receiver>
278
279        <service
279-->[com.google.android.gms:play-services-measurement:16.5.0] AndroidManifest.xml:44:9-47:40
280            android:name="com.google.android.gms.measurement.AppMeasurementService"
280-->[com.google.android.gms:play-services-measurement:16.5.0] AndroidManifest.xml:45:13-84
281            android:enabled="true"
281-->[com.google.android.gms:play-services-measurement:16.5.0] AndroidManifest.xml:46:13-35